<?xml version="1.0" encoding="UTF-8"?>
<testsuite name="CarrinhoDeComprasTeste" tests="3" skipped="0" failures="0" errors="0" timestamp="2022-08-05T00:23:44" hostname="DESKTOP-QS0VB3Q" time="0.024">
  <properties/>
  <testcase name="DeveCalcularTotalComDoisProdutos()" classname="CarrinhoDeComprasTeste" time="0.022"/>
  <testcase name="DeveCalcularValorTotalQuandoUmItemForCancelado()" classname="CarrinhoDeComprasTeste" time="0.001"/>
  <testcase name="DeveCalcularValorTotalASerPagoQuandoOCarrinhoEstaVazio()" classname="CarrinhoDeComprasTeste" time="0.001"/>
  <system-out><![CDATA[]]></system-out>
  <system-err><![CDATA[]]></system-err>
</testsuite>
